<?xml version="1.0" encoding="UTF-8"?>
<testsuite name="com.system.service.UserServiceTest" tests="2" skipped="0" failures="0" errors="0" timestamp="2026-04-09T02:26:43" hostname="DESKTOP-08I26JS" time="0.005">
  <properties/>
  <testcase name="shouldReturnNullIfUserNotFound()" classname="com.system.service.UserServiceTest" time="0.003"/>
  <testcase name="shouldFindUserByUsername()" classname="com.system.service.UserServiceTest" time="0.001"/>
  <system-out><![CDATA[]]></system-out>
  <system-err><![CDATA[]]></system-err>
</testsuite>
