<?xml version="1.0" encoding="UTF-8"?>
<testsuite name="com.system.selenium.ProductSeleniumTest" tests="1" skipped="0" failures="0" errors="0" timestamp="2026-04-09T01:43:57" hostname="DESKTOP-08I26JS" time="22.371">
  <properties/>
  <testcase name="shouldCreateProduct()" classname="com.system.selenium.ProductSeleniumTest" time="22.371"/>
  <system-out><![CDATA[22:43:35.523 [Test worker] INFO org.springframework.test.context.support.AnnotationConfigContextLoaderUtils -- Could not detect default configuration classes for test class [com.system.selenium.ProductSeleniumTest]: ProductSeleniumTest does not declare any static, non-private, non-final, nested classes annotated with @Configuration.
22:43:36.419 [Test worker] INFO org.springframework.boot.test.context.SpringBootTestContextBootstrapper -- Found @SpringBootConfiguration com.system.Application for test class com.system.selenium.ProductSeleniumTest

  .   ____          _            __ _ _
 /\\ / ___'_ __ _ _(_)_ __  __ _ \ \ \ \
( ( )\___ | '_ | '_| | '_ \/ _` | \ \ \ \
 \\/  ___)| |_)| | | | | || (_| |  ) ) ) )
  '  |____| .__|_| |_|_| |_\__, | / / / /
 =========|_|==============|___/=/_/_/_/
 :: Spring Boot ::                (v3.2.0)

2026-04-08T22:43:38.255-03:00  INFO 10676 --- [    Test worker] c.system.selenium.ProductSeleniumTest    : Starting ProductSeleniumTest using Java 17.0.17 with PID 10676 (started by sodre in C:\Users\sodre\Downloads\quantum-system)
2026-04-08T22:43:38.260-03:00  INFO 10676 --- [    Test worker] c.system.selenium.ProductSeleniumTest    : No active profile set, falling back to 1 default profile: "default"
2026-04-08T22:43:41.143-03:00  INFO 10676 --- [    Test worker] .s.d.r.c.RepositoryConfigurationDelegate : Bootstrapping Spring Data JPA repositories in DEFAULT mode.
2026-04-08T22:43:41.503-03:00  INFO 10676 --- [    Test worker] .s.d.r.c.RepositoryConfigurationDelegate : Finished Spring Data repository scanning in 333 ms. Found 2 JPA repository interfaces.
2026-04-08T22:43:43.976-03:00  INFO 10676 --- [    Test worker] o.s.b.w.embedded.tomcat.TomcatWebServer  : Tomcat initialized with port 0 (http)
2026-04-08T22:43:44.019-03:00  INFO 10676 --- [    Test worker] o.apache.catalina.core.StandardService   : Starting service [Tomcat]
2026-04-08T22:43:44.020-03:00  INFO 10676 --- [    Test worker] o.apache.catalina.core.StandardEngine    : Starting Servlet engine: [Apache Tomcat/10.1.16]
2026-04-08T22:43:44.327-03:00  INFO 10676 --- [    Test worker] o.a.c.c.C.[Tomcat].[localhost].[/]       : Initializing Spring embedded WebApplicationContext
2026-04-08T22:43:44.331-03:00  INFO 10676 --- [    Test worker] w.s.c.ServletWebServerApplicationContext : Root WebApplicationContext: initialization completed in 5961 ms
2026-04-08T22:43:44.433-03:00  INFO 10676 --- [    Test worker] com.zaxxer.hikari.HikariDataSource       : HikariPool-1 - Starting...
2026-04-08T22:43:45.547-03:00  INFO 10676 --- [    Test worker] com.zaxxer.hikari.pool.HikariPool        : HikariPool-1 - Added connection conn0: url=jdbc:h2:mem:testdb user=SA
2026-04-08T22:43:45.552-03:00  INFO 10676 --- [    Test worker] com.zaxxer.hikari.HikariDataSource       : HikariPool-1 - Start completed.
2026-04-08T22:43:45.598-03:00  INFO 10676 --- [    Test worker] o.s.b.a.h2.H2ConsoleAutoConfiguration    : H2 console available at '/h2-console'. Database available at 'jdbc:h2:mem:testdb'
2026-04-08T22:43:46.120-03:00  INFO 10676 --- [    Test worker] o.hibernate.jpa.internal.util.LogHelper  : HHH000204: Processing PersistenceUnitInfo [name: default]
2026-04-08T22:43:46.377-03:00  INFO 10676 --- [    Test worker] org.hibernate.Version                    : HHH000412: Hibernate ORM core version 6.3.1.Final
2026-04-08T22:43:46.540-03:00  INFO 10676 --- [    Test worker] o.h.c.internal.RegionFactoryInitiator    : HHH000026: Second-level cache disabled
2026-04-08T22:43:47.661-03:00  INFO 10676 --- [    Test worker] o.s.o.j.p.SpringPersistenceUnitInfo      : No LoadTimeWeaver setup: ignoring JPA class transformer
2026-04-08T22:43:47.857-03:00  WARN 10676 --- [    Test worker] org.hibernate.orm.deprecation            : HHH90000025: H2Dialect does not need to be specified explicitly using 'hibernate.dialect' (remove the property setting and it will be selected by default)
2026-04-08T22:43:51.820-03:00  INFO 10676 --- [    Test worker] o.h.e.t.j.p.i.JtaPlatformInitiator       : HHH000489: No JTA platform available (set 'hibernate.transaction.jta.platform' to enable JTA platform integration)
2026-04-08T22:43:52.021-03:00  INFO 10676 --- [    Test worker] j.LocalContainerEntityManagerFactoryBean : Initialized JPA EntityManagerFactory for persistence unit 'default'
2026-04-08T22:43:53.146-03:00  WARN 10676 --- [    Test worker] JpaBaseConfiguration$JpaWebConfiguration : spring.jpa.open-in-view is enabled by default. Therefore, database queries may be performed during view rendering. Explicitly configure spring.jpa.open-in-view to disable this warning
2026-04-08T22:43:54.243-03:00  INFO 10676 --- [    Test worker] o.s.s.web.DefaultSecurityFilterChain     : Will secure any request with [org.springframework.security.web.session.DisableEncodeUrlFilter@7ce3710f, org.springframework.security.web.context.request.async.WebAsyncManagerIntegrationFilter@20ce9d1c, org.springframework.security.web.context.SecurityContextHolderFilter@46affadf, org.springframework.security.web.header.HeaderWriterFilter@181c7470, org.springframework.web.filter.CorsFilter@7c4921f1, org.springframework.security.web.authentication.logout.LogoutFilter@78bb3a31, org.springframework.security.web.authentication.UsernamePasswordAuthenticationFilter@30f428f6, org.springframework.security.web.savedrequest.RequestCacheAwareFilter@2681c9a, org.springframework.security.web.servletapi.SecurityContextHolderAwareRequestFilter@62dfa275, org.springframework.security.web.authentication.AnonymousAuthenticationFilter@77045c4, org.springframework.security.web.access.ExceptionTranslationFilter@4df7e8b, org.springframework.security.web.access.intercept.AuthorizationFilter@6a6818d1]
2026-04-08T22:43:55.723-03:00  INFO 10676 --- [    Test worker] o.s.b.w.embedded.tomcat.TomcatWebServer  : Tomcat started on port 50515 (http) with context path ''
2026-04-08T22:43:55.742-03:00  INFO 10676 --- [    Test worker] c.system.selenium.ProductSeleniumTest    : Started ProductSeleniumTest in 18.521 seconds (process running for 24.631)
Admin criado: admin / $2a$10$1YHOTV88dKCbQmWLuleSI.9RCUwBKoPW9.tdwuFs8S/tfoKhP1pru
User criado: user / $2a$10$ieNs6/m5r0inJdXw.biJWuZUPDj0TSFQpdH3LmahsdWhl.Btmu/lW
2026-04-08T22:44:00.595-03:00  INFO 10676 --- [    Test worker] i.g.bonigarcia.wdm.WebDriverManager      : Using chromedriver 146.0.7680.165 (resolved driver for Chrome 146)
2026-04-08T22:44:01.084-03:00  INFO 10676 --- [    Test worker] i.g.bonigarcia.wdm.WebDriverManager      : Exporting webdriver.chrome.driver as C:\Users\sodre\.cache\selenium\chromedriver\win64\146.0.7680.165\chromedriver.exe
2026-04-08T22:44:04.247-03:00  WARN 10676 --- [    Test worker] o.o.selenium.devtools.CdpVersionFinder   : Unable to find CDP implementation matching 146
2026-04-08T22:44:04.247-03:00  WARN 10676 --- [    Test worker] o.o.selenium.chromium.ChromiumDriver     : Unable to find version of CDP to use for 146.0.7680.178. You may need to include a dependency on a specific version of the CDP using something similar to `org.seleniumhq.selenium:selenium-devtools-v86:4.14.1` where the version ("v86") matches the version of the chromium-based browser you're using and the version number of the artifact is the same as Selenium's.
2026-04-08T22:44:12.919-03:00  INFO 10676 --- [o-auto-1-exec-2] o.a.c.c.C.[Tomcat].[localhost].[/]       : Initializing Spring DispatcherServlet 'dispatcherServlet'
2026-04-08T22:44:12.920-03:00  INFO 10676 --- [o-auto-1-exec-2] o.s.web.servlet.DispatcherServlet        : Initializing Servlet 'dispatcherServlet'
2026-04-08T22:44:12.922-03:00  INFO 10676 --- [o-auto-1-exec-2] o.s.web.servlet.DispatcherServlet        : Completed initialization in 2 ms
2026-04-08T22:44:12.969-03:00  WARN 10676 --- [o-auto-1-exec-2] o.s.w.s.h.HandlerMappingIntrospector     : Cache miss for REQUEST dispatch to '/login' (previous null). Performing CorsConfiguration lookup. This is logged once only at WARN level, and every time at TRACE.
2026-04-08T22:44:15.695-03:00  WARN 10676 --- [o-auto-1-exec-1] o.s.w.s.h.HandlerMappingIntrospector     : Cache miss for REQUEST dispatch to '/favicon.ico' (previous null). Performing MatchableHandlerMapping lookup. This is logged once only at WARN level, and every time at TRACE.
URL APÓS LOGIN: http://localhost:50515/products
]]></system-out>
  <system-err><![CDATA[]]></system-err>
</testsuite>
