<?xml version="1.0" encoding="UTF-8"?>
<testsuite name="com.system.controller.ProductControllerTest" tests="3" skipped="0" failures="0" errors="0" timestamp="2026-04-10T05:11:18" hostname="DESKTOP-08I26JS" time="0.622">
  <properties/>
  <testcase name="shouldDeleteProduct()" classname="com.system.controller.ProductControllerTest" time="0.119"/>
  <testcase name="shouldReturnProductsPage()" classname="com.system.controller.ProductControllerTest" time="0.151"/>
  <testcase name="shouldCreateProduct()" classname="com.system.controller.ProductControllerTest" time="0.347"/>
  <system-out><![CDATA[]]></system-out>
  <system-err><![CDATA[]]></system-err>
</testsuite>
