<?xml version="1.0" encoding="UTF-8"?>
<testsuite name="com.system.service.ProductServiceTest" tests="4" skipped="0" failures="0" errors="0" timestamp="2026-04-09T02:26:43" hostname="DESKTOP-08I26JS" time="0.014">
  <properties/>
  <testcase name="shouldDeleteProduct()" classname="com.system.service.ProductServiceTest" time="0.002"/>
  <testcase name="shouldFindProductById()" classname="com.system.service.ProductServiceTest" time="0.002"/>
  <testcase name="ThrowProductNotFound()" classname="com.system.service.ProductServiceTest" time="0.003"/>
  <testcase name="shouldSaveProduct()" classname="com.system.service.ProductServiceTest" time="0.004"/>
  <system-out><![CDATA[]]></system-out>
  <system-err><![CDATA[]]></system-err>
</testsuite>
