<?xml version="1.0" encoding="UTF-8"?>
<testsuite name="com.system.controller.ProductControllerTest" tests="3" skipped="0" failures="0" errors="0" timestamp="2026-04-09T02:26:20" hostname="DESKTOP-08I26JS" time="0.406">
  <properties/>
  <testcase name="shouldDeleteProduct()" classname="com.system.controller.ProductControllerTest" time="0.269"/>
  <testcase name="shouldReturnProductsPage()" classname="com.system.controller.ProductControllerTest" time="0.126"/>
  <testcase name="shouldCreateProduct()" classname="com.system.controller.ProductControllerTest" time="0.002"/>
  <system-out><![CDATA[]]></system-out>
  <system-err><![CDATA[]]></system-err>
</testsuite>
