<?xml version="1.0" encoding="UTF-8"?>
<testsuite name="com.system.service.UserServiceTest" tests="2" skipped="0" failures="0" errors="0" timestamp="2026-04-10T05:11:20" hostname="DESKTOP-08I26JS" time="0.007">
  <properties/>
  <testcase name="shouldReturnNullIfUserNotFound()" classname="com.system.service.UserServiceTest" time="0.004"/>
  <testcase name="shouldFindUserByUsername()" classname="com.system.service.UserServiceTest" time="0.002"/>
  <system-out><![CDATA[]]></system-out>
  <system-err><![CDATA[]]></system-err>
</testsuite>
